2024-03-18 19:02:10,992 INFO [restartedMain] c.z.s.ServerApplication [StartupInfoLogger.java:55] Starting ServerApplication using Java 1.8.0_401 on CC with PID 23724 (D:\2718075060\Desk\sspku\WORKDIR\newcoder\server\target\classes started by 27180 in D:\2718075060\Desk\sspku\WORKDIR\newcoder\server)
2024-03-18 19:02:11,011 INFO [restartedMain] c.z.s.ServerApplication [SpringApplication.java:645] No active profile set, falling back to 1 default profile: "default"
2024-03-18 19:02:11,206 INFO [restartedMain] o.s.b.d.r.ChangeableUrls [DeferredLog.java:255] The Class-Path manifest attribute in D:\MavenWarehouse\repository\com\sun\xml\bind\jaxb-impl\2.3.0\jaxb-impl-2.3.0.jar referenced one or more files that do not exist: file:/D:/MavenWarehouse/repository/com/sun/xml/bind/jaxb-impl/2.3.0/jaxb-core.jar
2024-03-18 19:02:11,208 INFO [restartedMain] o.s.b.d.r.ChangeableUrls [DeferredLog.java:255] The Class-Path manifest attribute in D:\MavenWarehouse\repository\com\sun\xml\bind\jaxb-core\2.3.0\jaxb-core-2.3.0.jar referenced one or more files that do not exist: file:/D:/MavenWarehouse/repository/com/sun/xml/bind/jaxb-core/2.3.0/jaxb-api.jar
2024-03-18 19:02:11,210 INFO [restartedMain] o.s.b.d.e.DevToolsPropertyDefaultsPostProcessor [DeferredLog.java:255] Devtools property defaults active! Set 'spring.devtools.add-properties' to 'false' to disable
2024-03-18 19:02:11,211 INFO [restartedMain] o.s.b.d.e.DevToolsPropertyDefaultsPostProcessor [DeferredLog.java:255] For additional web related logging consider setting the 'logging.level.web' property to 'DEBUG'
2024-03-18 19:02:13,750 INFO [restartedMain] o.s.d.r.c.RepositoryConfigurationDelegate [RepositoryConfigurationDelegate.java:262] Multiple Spring Data modules found, entering strict repository configuration mode
2024-03-18 19:02:13,756 INFO [restartedMain] o.s.d.r.c.RepositoryConfigurationDelegate [RepositoryConfigurationDelegate.java:132] Bootstrapping Spring Data Redis repositories in DEFAULT mode.
2024-03-18 19:02:13,840 INFO [restartedMain] o.s.d.r.c.RepositoryConfigurationDelegate [RepositoryConfigurationDelegate.java:201] Finished Spring Data repository scanning in 40 ms. Found 0 Redis repository interfaces.
2024-03-18 19:02:16,264 INFO [restartedMain] o.s.b.w.e.t.TomcatWebServer [TomcatWebServer.java:108] Tomcat initialized with port(s): 8080 (http)
2024-03-18 19:02:16,266 INFO [restartedMain] o.a.c.c.AprLifecycleListener [DirectJDKLog.java:173] Loaded Apache Tomcat Native library [1.2.35] using APR version [1.7.0].
2024-03-18 19:02:16,267 INFO [restartedMain] o.a.c.c.AprLifecycleListener [DirectJDKLog.java:173] APR capabilities: IPv6 [true], sendfile [true], accept filters [false], random [true], UDS [true].
2024-03-18 19:02:16,267 INFO [restartedMain] o.a.c.c.AprLifecycleListener [DirectJDKLog.java:173] APR/OpenSSL configuration: useAprConnector [false], useOpenSSL [true]
2024-03-18 19:02:16,289 INFO [restartedMain] o.a.c.c.AprLifecycleListener [DirectJDKLog.java:173] OpenSSL successfully initialized [OpenSSL 1.1.1q  5 Jul 2022]
2024-03-18 19:02:16,318 INFO [restartedMain] o.a.c.h.Http11NioProtocol [DirectJDKLog.java:173] Initializing ProtocolHandler ["http-nio-8080"]
2024-03-18 19:02:16,320 INFO [restartedMain] o.a.c.c.StandardService [DirectJDKLog.java:173] Starting service [Tomcat]
2024-03-18 19:02:16,320 INFO [restartedMain] o.a.c.c.StandardEngine [DirectJDKLog.java:173] Starting Servlet engine: [Apache Tomcat/9.0.68]
2024-03-18 19:02:16,694 INFO [restartedMain] o.a.c.c.C.[.[.[/community] [DirectJDKLog.java:173] Initializing Spring embedded WebApplicationContext
2024-03-18 19:02:16,695 INFO [restartedMain] o.s.b.w.s.c.ServletWebServerApplicationContext [ServletWebServerApplicationContext.java:290] Root WebApplicationContext: initialization completed in 5481 ms
2024-03-18 19:02:20,158 INFO [restartedMain] o.s.b.d.a.OptionalLiveReloadServer [OptionalLiveReloadServer.java:59] LiveReload server is running on port 35729
2024-03-18 19:02:20,212 INFO [restartedMain] o.a.c.h.Http11NioProtocol [DirectJDKLog.java:173] Starting ProtocolHandler ["http-nio-8080"]
2024-03-18 19:02:20,257 INFO [restartedMain] o.s.b.w.e.t.TomcatWebServer [TomcatWebServer.java:220] Tomcat started on port(s): 8080 (http) with context path '/community'
2024-03-18 19:02:20,278 INFO [restartedMain] c.z.s.ServerApplication [StartupInfoLogger.java:61] Started ServerApplication in 10.826 seconds (JVM running for 13.682)
2024-03-18 19:03:13,543 INFO [http-nio-8080-exec-1] o.a.c.c.C.[.[.[/community] [DirectJDKLog.java:173] Initializing Spring DispatcherServlet 'dispatcherServlet'
2024-03-18 19:03:13,544 INFO [http-nio-8080-exec-1] o.s.w.s.DispatcherServlet [FrameworkServlet.java:525] Initializing Servlet 'dispatcherServlet'
2024-03-18 19:03:13,551 INFO [http-nio-8080-exec-1] o.s.w.s.DispatcherServlet [FrameworkServlet.java:547] Completed initialization in 5 ms
2024-03-18 19:03:13,799 INFO [http-nio-8080-exec-2] c.z.h.HikariDataSource [HikariDataSource.java:110] HikariPool-1 - Starting...
2024-03-18 19:03:15,174 INFO [http-nio-8080-exec-2] c.z.h.HikariDataSource [HikariDataSource.java:123] HikariPool-1 - Start completed.
2024-03-18 19:04:44,749 INFO [File Watcher] o.s.b.d.a.LocalDevToolsAutoConfiguration$RestartingClassPathChangeChangedEventListener [LocalDevToolsAutoConfiguration.java:210] Restarting due to 1 class path change (1 addition, 0 deletions, 0 modifications)
2024-03-18 19:04:45,225 INFO [Thread-6] o.a.c.h.Http11NioProtocol [DirectJDKLog.java:173] Pausing ProtocolHandler ["http-nio-8080"]
2024-03-18 19:04:45,226 INFO [Thread-6] o.a.c.c.StandardService [DirectJDKLog.java:173] Stopping service [Tomcat]
2024-03-18 19:04:45,229 INFO [Thread-6] o.a.c.c.C.[.[.[/community] [DirectJDKLog.java:173] Destroying Spring FrameworkServlet 'dispatcherServlet'
2024-03-18 19:04:45,243 INFO [Thread-6] o.a.c.h.Http11NioProtocol [DirectJDKLog.java:173] Stopping ProtocolHandler ["http-nio-8080"]
2024-03-18 19:04:45,247 INFO [Thread-6] o.a.c.h.Http11NioProtocol [DirectJDKLog.java:173] Destroying ProtocolHandler ["http-nio-8080"]
2024-03-18 19:04:45,251 INFO [Thread-6] c.z.h.HikariDataSource [HikariDataSource.java:350] HikariPool-1 - Shutdown initiated...
2024-03-18 19:04:45,270 INFO [Thread-6] c.z.h.HikariDataSource [HikariDataSource.java:352] HikariPool-1 - Shutdown completed.
2024-03-18 19:04:45,480 INFO [restartedMain] c.z.s.ServerApplication [StartupInfoLogger.java:55] Starting ServerApplication using Java 1.8.0_401 on CC with PID 23724 (D:\2718075060\Desk\sspku\WORKDIR\newcoder\server\target\classes started by 27180 in D:\2718075060\Desk\sspku\WORKDIR\newcoder\server)
2024-03-18 19:04:45,481 INFO [restartedMain] c.z.s.ServerApplication [SpringApplication.java:645] No active profile set, falling back to 1 default profile: "default"
2024-03-18 19:04:45,873 INFO [restartedMain] o.s.d.r.c.RepositoryConfigurationDelegate [RepositoryConfigurationDelegate.java:262] Multiple Spring Data modules found, entering strict repository configuration mode
2024-03-18 19:04:45,873 INFO [restartedMain] o.s.d.r.c.RepositoryConfigurationDelegate [RepositoryConfigurationDelegate.java:132] Bootstrapping Spring Data Redis repositories in DEFAULT mode.
2024-03-18 19:04:45,886 INFO [restartedMain] o.s.d.r.c.RepositoryConfigurationDelegate [RepositoryConfigurationDelegate.java:201] Finished Spring Data repository scanning in 12 ms. Found 0 Redis repository interfaces.
2024-03-18 19:04:46,021 INFO [restartedMain] o.s.b.w.e.t.TomcatWebServer [TomcatWebServer.java:108] Tomcat initialized with port(s): 8080 (http)
2024-03-18 19:04:46,021 INFO [restartedMain] o.a.c.c.AprLifecycleListener [DirectJDKLog.java:173] Loaded Apache Tomcat Native library [1.2.35] using APR version [1.7.0].
2024-03-18 19:04:46,022 INFO [restartedMain] o.a.c.c.AprLifecycleListener [DirectJDKLog.java:173] APR capabilities: IPv6 [true], sendfile [true], accept filters [false], random [true], UDS [true].
2024-03-18 19:04:46,022 INFO [restartedMain] o.a.c.c.AprLifecycleListener [DirectJDKLog.java:173] APR/OpenSSL configuration: useAprConnector [false], useOpenSSL [true]
2024-03-18 19:04:46,022 INFO [restartedMain] o.a.c.c.AprLifecycleListener [DirectJDKLog.java:173] OpenSSL successfully initialized [OpenSSL 1.1.1q  5 Jul 2022]
2024-03-18 19:04:46,022 INFO [restartedMain] o.a.c.h.Http11NioProtocol [DirectJDKLog.java:173] Initializing ProtocolHandler ["http-nio-8080"]
2024-03-18 19:04:46,022 INFO [restartedMain] o.a.c.c.StandardService [DirectJDKLog.java:173] Starting service [Tomcat]
2024-03-18 19:04:46,023 INFO [restartedMain] o.a.c.c.StandardEngine [DirectJDKLog.java:173] Starting Servlet engine: [Apache Tomcat/9.0.68]
2024-03-18 19:04:46,098 INFO [restartedMain] o.a.c.c.C.[.[.[/community] [DirectJDKLog.java:173] Initializing Spring embedded WebApplicationContext
2024-03-18 19:04:46,099 INFO [restartedMain] o.s.b.w.s.c.ServletWebServerApplicationContext [ServletWebServerApplicationContext.java:290] Root WebApplicationContext: initialization completed in 614 ms
2024-03-18 19:04:46,403 INFO [restartedMain] o.s.b.d.a.OptionalLiveReloadServer [OptionalLiveReloadServer.java:59] LiveReload server is running on port 35729
2024-03-18 19:04:46,415 INFO [restartedMain] o.a.c.h.Http11NioProtocol [DirectJDKLog.java:173] Starting ProtocolHandler ["http-nio-8080"]
2024-03-18 19:04:46,417 INFO [restartedMain] o.s.b.w.e.t.TomcatWebServer [TomcatWebServer.java:220] Tomcat started on port(s): 8080 (http) with context path '/community'
2024-03-18 19:04:46,423 INFO [restartedMain] c.z.s.ServerApplication [StartupInfoLogger.java:61] Started ServerApplication in 1.012 seconds (JVM running for 159.834)
2024-03-18 19:04:46,425 INFO [restartedMain] o.s.b.d.a.ConditionEvaluationDeltaLoggingListener [ConditionEvaluationDeltaLoggingListener.java:63] Condition evaluation unchanged
2024-03-18 19:05:04,661 INFO [File Watcher] o.s.b.d.a.LocalDevToolsAutoConfiguration$RestartingClassPathChangeChangedEventListener [LocalDevToolsAutoConfiguration.java:210] Restarting due to 1 class path change (0 additions, 0 deletions, 1 modification)
2024-03-18 19:05:05,394 INFO [Thread-8] o.a.c.h.Http11NioProtocol [DirectJDKLog.java:173] Pausing ProtocolHandler ["http-nio-8080"]
2024-03-18 19:05:05,394 INFO [Thread-8] o.a.c.c.StandardService [DirectJDKLog.java:173] Stopping service [Tomcat]
2024-03-18 19:05:05,403 INFO [Thread-8] o.a.c.h.Http11NioProtocol [DirectJDKLog.java:173] Stopping ProtocolHandler ["http-nio-8080"]
2024-03-18 19:05:05,409 INFO [Thread-8] o.a.c.h.Http11NioProtocol [DirectJDKLog.java:173] Destroying ProtocolHandler ["http-nio-8080"]
2024-03-18 19:05:05,682 INFO [restartedMain] c.z.s.ServerApplication [StartupInfoLogger.java:55] Starting ServerApplication using Java 1.8.0_401 on CC with PID 23724 (D:\2718075060\Desk\sspku\WORKDIR\newcoder\server\target\classes started by 27180 in D:\2718075060\Desk\sspku\WORKDIR\newcoder\server)
2024-03-18 19:05:05,684 INFO [restartedMain] c.z.s.ServerApplication [SpringApplication.java:645] No active profile set, falling back to 1 default profile: "default"
2024-03-18 19:05:06,375 INFO [restartedMain] o.s.d.r.c.RepositoryConfigurationDelegate [RepositoryConfigurationDelegate.java:262] Multiple Spring Data modules found, entering strict repository configuration mode
2024-03-18 19:05:06,375 INFO [restartedMain] o.s.d.r.c.RepositoryConfigurationDelegate [RepositoryConfigurationDelegate.java:132] Bootstrapping Spring Data Redis repositories in DEFAULT mode.
2024-03-18 19:05:06,393 INFO [restartedMain] o.s.d.r.c.RepositoryConfigurationDelegate [RepositoryConfigurationDelegate.java:201] Finished Spring Data repository scanning in 17 ms. Found 0 Redis repository interfaces.
2024-03-18 19:05:06,552 INFO [restartedMain] o.s.b.w.e.t.TomcatWebServer [TomcatWebServer.java:108] Tomcat initialized with port(s): 8080 (http)
2024-03-18 19:05:06,553 INFO [restartedMain] o.a.c.c.AprLifecycleListener [DirectJDKLog.java:173] Loaded Apache Tomcat Native library [1.2.35] using APR version [1.7.0].
2024-03-18 19:05:06,553 INFO [restartedMain] o.a.c.c.AprLifecycleListener [DirectJDKLog.java:173] APR capabilities: IPv6 [true], sendfile [true], accept filters [false], random [true], UDS [true].
2024-03-18 19:05:06,553 INFO [restartedMain] o.a.c.c.AprLifecycleListener [DirectJDKLog.java:173] APR/OpenSSL configuration: useAprConnector [false], useOpenSSL [true]
2024-03-18 19:05:06,554 INFO [restartedMain] o.a.c.c.AprLifecycleListener [DirectJDKLog.java:173] OpenSSL successfully initialized [OpenSSL 1.1.1q  5 Jul 2022]
2024-03-18 19:05:06,554 INFO [restartedMain] o.a.c.h.Http11NioProtocol [DirectJDKLog.java:173] Initializing ProtocolHandler ["http-nio-8080"]
2024-03-18 19:05:06,555 INFO [restartedMain] o.a.c.c.StandardService [DirectJDKLog.java:173] Starting service [Tomcat]
2024-03-18 19:05:06,555 INFO [restartedMain] o.a.c.c.StandardEngine [DirectJDKLog.java:173] Starting Servlet engine: [Apache Tomcat/9.0.68]
2024-03-18 19:05:06,599 INFO [restartedMain] o.a.c.c.C.[.[.[/community] [DirectJDKLog.java:173] Initializing Spring embedded WebApplicationContext
2024-03-18 19:05:06,599 INFO [restartedMain] o.s.b.w.s.c.ServletWebServerApplicationContext [ServletWebServerApplicationContext.java:290] Root WebApplicationContext: initialization completed in 910 ms
2024-03-18 19:05:06,637 INFO [restartedMain] o.a.c.c.StandardService [DirectJDKLog.java:173] Stopping service [Tomcat]
2024-03-18 19:05:06,646 INFO [restartedMain] o.s.b.a.l.ConditionEvaluationReportLoggingListener [ConditionEvaluationReportLoggingListener.java:136] 

Error starting ApplicationContext. To display the conditions report re-run your application with 'debug' enabled.
2024-03-18 19:05:42,946 INFO [restartedMain] c.z.s.ServerApplication [StartupInfoLogger.java:55] Starting ServerApplication using Java 1.8.0_401 on CC with PID 23724 (D:\2718075060\Desk\sspku\WORKDIR\newcoder\server\target\classes started by 27180 in D:\2718075060\Desk\sspku\WORKDIR\newcoder\server)
2024-03-18 19:05:42,947 INFO [restartedMain] c.z.s.ServerApplication [SpringApplication.java:645] No active profile set, falling back to 1 default profile: "default"
2024-03-18 19:05:43,352 INFO [restartedMain] o.s.d.r.c.RepositoryConfigurationDelegate [RepositoryConfigurationDelegate.java:262] Multiple Spring Data modules found, entering strict repository configuration mode
2024-03-18 19:05:43,352 INFO [restartedMain] o.s.d.r.c.RepositoryConfigurationDelegate [RepositoryConfigurationDelegate.java:132] Bootstrapping Spring Data Redis repositories in DEFAULT mode.
2024-03-18 19:05:43,367 INFO [restartedMain] o.s.d.r.c.RepositoryConfigurationDelegate [RepositoryConfigurationDelegate.java:201] Finished Spring Data repository scanning in 14 ms. Found 0 Redis repository interfaces.
2024-03-18 19:05:43,497 INFO [restartedMain] o.s.b.w.e.t.TomcatWebServer [TomcatWebServer.java:108] Tomcat initialized with port(s): 8080 (http)
2024-03-18 19:05:43,498 INFO [restartedMain] o.a.c.c.AprLifecycleListener [DirectJDKLog.java:173] Loaded Apache Tomcat Native library [1.2.35] using APR version [1.7.0].
2024-03-18 19:05:43,498 INFO [restartedMain] o.a.c.c.AprLifecycleListener [DirectJDKLog.java:173] APR capabilities: IPv6 [true], sendfile [true], accept filters [false], random [true], UDS [true].
2024-03-18 19:05:43,499 INFO [restartedMain] o.a.c.c.AprLifecycleListener [DirectJDKLog.java:173] APR/OpenSSL configuration: useAprConnector [false], useOpenSSL [true]
2024-03-18 19:05:43,499 INFO [restartedMain] o.a.c.c.AprLifecycleListener [DirectJDKLog.java:173] OpenSSL successfully initialized [OpenSSL 1.1.1q  5 Jul 2022]
2024-03-18 19:05:43,500 INFO [restartedMain] o.a.c.h.Http11NioProtocol [DirectJDKLog.java:173] Initializing ProtocolHandler ["http-nio-8080"]
2024-03-18 19:05:43,500 INFO [restartedMain] o.a.c.c.StandardService [DirectJDKLog.java:173] Starting service [Tomcat]
2024-03-18 19:05:43,501 INFO [restartedMain] o.a.c.c.StandardEngine [DirectJDKLog.java:173] Starting Servlet engine: [Apache Tomcat/9.0.68]
2024-03-18 19:05:43,550 INFO [restartedMain] o.a.c.c.C.[.[.[/community] [DirectJDKLog.java:173] Initializing Spring embedded WebApplicationContext
2024-03-18 19:05:43,550 INFO [restartedMain] o.s.b.w.s.c.ServletWebServerApplicationContext [ServletWebServerApplicationContext.java:290] Root WebApplicationContext: initialization completed in 600 ms
2024-03-18 19:05:43,594 INFO [restartedMain] o.a.c.c.StandardService [DirectJDKLog.java:173] Stopping service [Tomcat]
2024-03-18 19:05:43,600 INFO [restartedMain] o.s.b.a.l.ConditionEvaluationReportLoggingListener [ConditionEvaluationReportLoggingListener.java:136] 

Error starting ApplicationContext. To display the conditions report re-run your application with 'debug' enabled.
2024-03-18 19:06:04,052 INFO [restartedMain] c.z.s.ServerApplication [StartupInfoLogger.java:55] Starting ServerApplication using Java 1.8.0_401 on CC with PID 23724 (D:\2718075060\Desk\sspku\WORKDIR\newcoder\server\target\classes started by 27180 in D:\2718075060\Desk\sspku\WORKDIR\newcoder\server)
2024-03-18 19:06:04,053 INFO [restartedMain] c.z.s.ServerApplication [SpringApplication.java:645] No active profile set, falling back to 1 default profile: "default"
2024-03-18 19:06:04,402 INFO [restartedMain] o.s.d.r.c.RepositoryConfigurationDelegate [RepositoryConfigurationDelegate.java:262] Multiple Spring Data modules found, entering strict repository configuration mode
2024-03-18 19:06:04,403 INFO [restartedMain] o.s.d.r.c.RepositoryConfigurationDelegate [RepositoryConfigurationDelegate.java:132] Bootstrapping Spring Data Redis repositories in DEFAULT mode.
2024-03-18 19:06:04,418 INFO [restartedMain] o.s.d.r.c.RepositoryConfigurationDelegate [RepositoryConfigurationDelegate.java:201] Finished Spring Data repository scanning in 14 ms. Found 0 Redis repository interfaces.
2024-03-18 19:06:04,577 INFO [restartedMain] o.s.b.w.e.t.TomcatWebServer [TomcatWebServer.java:108] Tomcat initialized with port(s): 8080 (http)
2024-03-18 19:06:04,578 INFO [restartedMain] o.a.c.c.AprLifecycleListener [DirectJDKLog.java:173] Loaded Apache Tomcat Native library [1.2.35] using APR version [1.7.0].
2024-03-18 19:06:04,578 INFO [restartedMain] o.a.c.c.AprLifecycleListener [DirectJDKLog.java:173] APR capabilities: IPv6 [true], sendfile [true], accept filters [false], random [true], UDS [true].
2024-03-18 19:06:04,578 INFO [restartedMain] o.a.c.c.AprLifecycleListener [DirectJDKLog.java:173] APR/OpenSSL configuration: useAprConnector [false], useOpenSSL [true]
2024-03-18 19:06:04,578 INFO [restartedMain] o.a.c.c.AprLifecycleListener [DirectJDKLog.java:173] OpenSSL successfully initialized [OpenSSL 1.1.1q  5 Jul 2022]
2024-03-18 19:06:04,579 INFO [restartedMain] o.a.c.h.Http11NioProtocol [DirectJDKLog.java:173] Initializing ProtocolHandler ["http-nio-8080"]
2024-03-18 19:06:04,579 INFO [restartedMain] o.a.c.c.StandardService [DirectJDKLog.java:173] Starting service [Tomcat]
2024-03-18 19:06:04,579 INFO [restartedMain] o.a.c.c.StandardEngine [DirectJDKLog.java:173] Starting Servlet engine: [Apache Tomcat/9.0.68]
2024-03-18 19:06:04,628 INFO [restartedMain] o.a.c.c.C.[.[.[/community] [DirectJDKLog.java:173] Initializing Spring embedded WebApplicationContext
2024-03-18 19:06:04,628 INFO [restartedMain] o.s.b.w.s.c.ServletWebServerApplicationContext [ServletWebServerApplicationContext.java:290] Root WebApplicationContext: initialization completed in 573 ms
2024-03-18 19:06:04,660 INFO [restartedMain] o.a.c.c.StandardService [DirectJDKLog.java:173] Stopping service [Tomcat]
2024-03-18 19:06:04,669 INFO [restartedMain] o.s.b.a.l.ConditionEvaluationReportLoggingListener [ConditionEvaluationReportLoggingListener.java:136] 

Error starting ApplicationContext. To display the conditions report re-run your application with 'debug' enabled.
2024-03-18 19:06:33,450 INFO [restartedMain] c.z.s.ServerApplication [StartupInfoLogger.java:55] Starting ServerApplication using Java 1.8.0_401 on CC with PID 23724 (D:\2718075060\Desk\sspku\WORKDIR\newcoder\server\target\classes started by 27180 in D:\2718075060\Desk\sspku\WORKDIR\newcoder\server)
2024-03-18 19:06:33,450 INFO [restartedMain] c.z.s.ServerApplication [SpringApplication.java:645] No active profile set, falling back to 1 default profile: "default"
2024-03-18 19:06:33,815 INFO [restartedMain] o.s.d.r.c.RepositoryConfigurationDelegate [RepositoryConfigurationDelegate.java:262] Multiple Spring Data modules found, entering strict repository configuration mode
2024-03-18 19:06:33,815 INFO [restartedMain] o.s.d.r.c.RepositoryConfigurationDelegate [RepositoryConfigurationDelegate.java:132] Bootstrapping Spring Data Redis repositories in DEFAULT mode.
2024-03-18 19:06:33,828 INFO [restartedMain] o.s.d.r.c.RepositoryConfigurationDelegate [RepositoryConfigurationDelegate.java:201] Finished Spring Data repository scanning in 13 ms. Found 0 Redis repository interfaces.
2024-03-18 19:06:33,941 INFO [restartedMain] o.s.b.w.e.t.TomcatWebServer [TomcatWebServer.java:108] Tomcat initialized with port(s): 8080 (http)
2024-03-18 19:06:33,941 INFO [restartedMain] o.a.c.c.AprLifecycleListener [DirectJDKLog.java:173] Loaded Apache Tomcat Native library [1.2.35] using APR version [1.7.0].
2024-03-18 19:06:33,942 INFO [restartedMain] o.a.c.c.AprLifecycleListener [DirectJDKLog.java:173] APR capabilities: IPv6 [true], sendfile [true], accept filters [false], random [true], UDS [true].
2024-03-18 19:06:33,942 INFO [restartedMain] o.a.c.c.AprLifecycleListener [DirectJDKLog.java:173] APR/OpenSSL configuration: useAprConnector [false], useOpenSSL [true]
2024-03-18 19:06:33,942 INFO [restartedMain] o.a.c.c.AprLifecycleListener [DirectJDKLog.java:173] OpenSSL successfully initialized [OpenSSL 1.1.1q  5 Jul 2022]
2024-03-18 19:06:33,942 INFO [restartedMain] o.a.c.h.Http11NioProtocol [DirectJDKLog.java:173] Initializing ProtocolHandler ["http-nio-8080"]
2024-03-18 19:06:33,943 INFO [restartedMain] o.a.c.c.StandardService [DirectJDKLog.java:173] Starting service [Tomcat]
2024-03-18 19:06:33,943 INFO [restartedMain] o.a.c.c.StandardEngine [DirectJDKLog.java:173] Starting Servlet engine: [Apache Tomcat/9.0.68]
2024-03-18 19:06:33,978 INFO [restartedMain] o.a.c.c.C.[.[.[/community] [DirectJDKLog.java:173] Initializing Spring embedded WebApplicationContext
2024-03-18 19:06:33,978 INFO [restartedMain] o.s.b.w.s.c.ServletWebServerApplicationContext [ServletWebServerApplicationContext.java:290] Root WebApplicationContext: initialization completed in 525 ms
2024-03-18 19:06:34,218 INFO [restartedMain] o.s.b.d.a.OptionalLiveReloadServer [OptionalLiveReloadServer.java:59] LiveReload server is running on port 35729
2024-03-18 19:06:34,230 INFO [restartedMain] o.a.c.h.Http11NioProtocol [DirectJDKLog.java:173] Starting ProtocolHandler ["http-nio-8080"]
2024-03-18 19:06:34,233 INFO [restartedMain] o.s.b.w.e.t.TomcatWebServer [TomcatWebServer.java:220] Tomcat started on port(s): 8080 (http) with context path '/community'
2024-03-18 19:06:34,236 INFO [restartedMain] c.z.s.ServerApplication [StartupInfoLogger.java:61] Started ServerApplication in 0.848 seconds (JVM running for 267.653)
2024-03-18 19:06:34,237 INFO [restartedMain] o.s.b.d.a.ConditionEvaluationDeltaLoggingListener [ConditionEvaluationDeltaLoggingListener.java:63] Condition evaluation unchanged
2024-03-18 19:46:32,920 INFO [restartedMain] c.z.s.ServerApplication [StartupInfoLogger.java:55] Starting ServerApplication using Java 1.8.0_401 on CC with PID 28060 (D:\2718075060\Desk\sspku\WORKDIR\newcoder\server\target\classes started by 27180 in D:\2718075060\Desk\sspku\WORKDIR\newcoder\server)
2024-03-18 19:46:32,922 INFO [restartedMain] c.z.s.ServerApplication [SpringApplication.java:645] No active profile set, falling back to 1 default profile: "default"
2024-03-18 19:46:32,972 INFO [restartedMain] o.s.b.d.r.ChangeableUrls [DeferredLog.java:255] The Class-Path manifest attribute in D:\MavenWarehouse\repository\com\sun\xml\bind\jaxb-impl\2.3.0\jaxb-impl-2.3.0.jar referenced one or more files that do not exist: file:/D:/MavenWarehouse/repository/com/sun/xml/bind/jaxb-impl/2.3.0/jaxb-core.jar
2024-03-18 19:46:32,972 INFO [restartedMain] o.s.b.d.r.ChangeableUrls [DeferredLog.java:255] The Class-Path manifest attribute in D:\MavenWarehouse\repository\com\sun\xml\bind\jaxb-core\2.3.0\jaxb-core-2.3.0.jar referenced one or more files that do not exist: file:/D:/MavenWarehouse/repository/com/sun/xml/bind/jaxb-core/2.3.0/jaxb-api.jar
2024-03-18 19:46:32,972 INFO [restartedMain] o.s.b.d.e.DevToolsPropertyDefaultsPostProcessor [DeferredLog.java:255] Devtools property defaults active! Set 'spring.devtools.add-properties' to 'false' to disable
2024-03-18 19:46:32,972 INFO [restartedMain] o.s.b.d.e.DevToolsPropertyDefaultsPostProcessor [DeferredLog.java:255] For additional web related logging consider setting the 'logging.level.web' property to 'DEBUG'
2024-03-18 19:46:33,998 INFO [restartedMain] o.s.d.r.c.RepositoryConfigurationDelegate [RepositoryConfigurationDelegate.java:262] Multiple Spring Data modules found, entering strict repository configuration mode
2024-03-18 19:46:34,002 INFO [restartedMain] o.s.d.r.c.RepositoryConfigurationDelegate [RepositoryConfigurationDelegate.java:132] Bootstrapping Spring Data Redis repositories in DEFAULT mode.
2024-03-18 19:46:34,043 INFO [restartedMain] o.s.d.r.c.RepositoryConfigurationDelegate [RepositoryConfigurationDelegate.java:201] Finished Spring Data repository scanning in 18 ms. Found 0 Redis repository interfaces.
2024-03-18 19:46:34,977 INFO [restartedMain] o.s.b.w.e.t.TomcatWebServer [TomcatWebServer.java:108] Tomcat initialized with port(s): 8080 (http)
2024-03-18 19:46:34,978 INFO [restartedMain] o.a.c.c.AprLifecycleListener [DirectJDKLog.java:173] Loaded Apache Tomcat Native library [1.2.35] using APR version [1.7.0].
2024-03-18 19:46:34,979 INFO [restartedMain] o.a.c.c.AprLifecycleListener [DirectJDKLog.java:173] APR capabilities: IPv6 [true], sendfile [true], accept filters [false], random [true], UDS [true].
2024-03-18 19:46:34,979 INFO [restartedMain] o.a.c.c.AprLifecycleListener [DirectJDKLog.java:173] APR/OpenSSL configuration: useAprConnector [false], useOpenSSL [true]
2024-03-18 19:46:34,996 INFO [restartedMain] o.a.c.c.AprLifecycleListener [DirectJDKLog.java:173] OpenSSL successfully initialized [OpenSSL 1.1.1q  5 Jul 2022]
2024-03-18 19:46:35,006 INFO [restartedMain] o.a.c.h.Http11NioProtocol [DirectJDKLog.java:173] Initializing ProtocolHandler ["http-nio-8080"]
2024-03-18 19:46:35,007 INFO [restartedMain] o.a.c.c.StandardService [DirectJDKLog.java:173] Starting service [Tomcat]
2024-03-18 19:46:35,007 INFO [restartedMain] o.a.c.c.StandardEngine [DirectJDKLog.java:173] Starting Servlet engine: [Apache Tomcat/9.0.68]
2024-03-18 19:46:35,148 INFO [restartedMain] o.a.c.c.C.[.[.[/community] [DirectJDKLog.java:173] Initializing Spring embedded WebApplicationContext
2024-03-18 19:46:35,148 INFO [restartedMain] o.s.b.w.s.c.ServletWebServerApplicationContext [ServletWebServerApplicationContext.java:290] Root WebApplicationContext: initialization completed in 2175 ms
2024-03-18 19:46:36,638 INFO [restartedMain] o.s.b.d.a.OptionalLiveReloadServer [OptionalLiveReloadServer.java:59] LiveReload server is running on port 35729
2024-03-18 19:46:36,662 INFO [restartedMain] o.a.c.h.Http11NioProtocol [DirectJDKLog.java:173] Starting ProtocolHandler ["http-nio-8080"]
2024-03-18 19:46:36,681 INFO [restartedMain] o.s.b.w.e.t.TomcatWebServer [TomcatWebServer.java:220] Tomcat started on port(s): 8080 (http) with context path '/community'
2024-03-18 19:46:36,692 INFO [restartedMain] c.z.s.ServerApplication [StartupInfoLogger.java:61] Started ServerApplication in 4.334 seconds (JVM running for 6.016)
2024-03-18 19:46:42,160 INFO [http-nio-8080-exec-1] o.a.c.c.C.[.[.[/community] [DirectJDKLog.java:173] Initializing Spring DispatcherServlet 'dispatcherServlet'
2024-03-18 19:46:42,161 INFO [http-nio-8080-exec-1] o.s.w.s.DispatcherServlet [FrameworkServlet.java:525] Initializing Servlet 'dispatcherServlet'
2024-03-18 19:46:42,164 INFO [http-nio-8080-exec-1] o.s.w.s.DispatcherServlet [FrameworkServlet.java:547] Completed initialization in 2 ms
2024-03-18 19:47:59,250 INFO [http-nio-8080-exec-10] c.z.h.HikariDataSource [HikariDataSource.java:110] HikariPool-1 - Starting...
2024-03-18 19:48:00,375 INFO [http-nio-8080-exec-10] c.z.h.HikariDataSource [HikariDataSource.java:123] HikariPool-1 - Start completed.
2024-03-18 19:50:31,970 INFO [SpringApplicationShutdownHook] c.z.h.HikariDataSource [HikariDataSource.java:350] HikariPool-1 - Shutdown initiated...
2024-03-18 19:50:32,005 INFO [SpringApplicationShutdownHook] c.z.h.HikariDataSource [HikariDataSource.java:352] HikariPool-1 - Shutdown completed.
2024-03-18 19:50:36,447 INFO [restartedMain] c.z.s.ServerApplication [StartupInfoLogger.java:55] Starting ServerApplication using Java 1.8.0_401 on CC with PID 28928 (D:\2718075060\Desk\sspku\WORKDIR\newcoder\server\target\classes started by 27180 in D:\2718075060\Desk\sspku\WORKDIR\newcoder\server)
2024-03-18 19:50:36,449 INFO [restartedMain] c.z.s.ServerApplication [SpringApplication.java:645] No active profile set, falling back to 1 default profile: "default"
2024-03-18 19:50:36,502 INFO [restartedMain] o.s.b.d.r.ChangeableUrls [DeferredLog.java:255] The Class-Path manifest attribute in D:\MavenWarehouse\repository\com\sun\xml\bind\jaxb-impl\2.3.0\jaxb-impl-2.3.0.jar referenced one or more files that do not exist: file:/D:/MavenWarehouse/repository/com/sun/xml/bind/jaxb-impl/2.3.0/jaxb-core.jar
2024-03-18 19:50:36,503 INFO [restartedMain] o.s.b.d.r.ChangeableUrls [DeferredLog.java:255] The Class-Path manifest attribute in D:\MavenWarehouse\repository\com\sun\xml\bind\jaxb-core\2.3.0\jaxb-core-2.3.0.jar referenced one or more files that do not exist: file:/D:/MavenWarehouse/repository/com/sun/xml/bind/jaxb-core/2.3.0/jaxb-api.jar
2024-03-18 19:50:36,503 INFO [restartedMain] o.s.b.d.e.DevToolsPropertyDefaultsPostProcessor [DeferredLog.java:255] Devtools property defaults active! Set 'spring.devtools.add-properties' to 'false' to disable
2024-03-18 19:50:36,503 INFO [restartedMain] o.s.b.d.e.DevToolsPropertyDefaultsPostProcessor [DeferredLog.java:255] For additional web related logging consider setting the 'logging.level.web' property to 'DEBUG'
2024-03-18 19:50:37,535 INFO [restartedMain] o.s.d.r.c.RepositoryConfigurationDelegate [RepositoryConfigurationDelegate.java:262] Multiple Spring Data modules found, entering strict repository configuration mode
2024-03-18 19:50:37,538 INFO [restartedMain] o.s.d.r.c.RepositoryConfigurationDelegate [RepositoryConfigurationDelegate.java:132] Bootstrapping Spring Data Redis repositories in DEFAULT mode.
2024-03-18 19:50:37,577 INFO [restartedMain] o.s.d.r.c.RepositoryConfigurationDelegate [RepositoryConfigurationDelegate.java:201] Finished Spring Data repository scanning in 19 ms. Found 0 Redis repository interfaces.
2024-03-18 19:50:38,426 INFO [restartedMain] o.s.b.w.e.t.TomcatWebServer [TomcatWebServer.java:108] Tomcat initialized with port(s): 8080 (http)
2024-03-18 19:50:38,428 INFO [restartedMain] o.a.c.c.AprLifecycleListener [DirectJDKLog.java:173] Loaded Apache Tomcat Native library [1.2.35] using APR version [1.7.0].
2024-03-18 19:50:38,428 INFO [restartedMain] o.a.c.c.AprLifecycleListener [DirectJDKLog.java:173] APR capabilities: IPv6 [true], sendfile [true], accept filters [false], random [true], UDS [true].
2024-03-18 19:50:38,429 INFO [restartedMain] o.a.c.c.AprLifecycleListener [DirectJDKLog.java:173] APR/OpenSSL configuration: useAprConnector [false], useOpenSSL [true]
2024-03-18 19:50:38,432 INFO [restartedMain] o.a.c.c.AprLifecycleListener [DirectJDKLog.java:173] OpenSSL successfully initialized [OpenSSL 1.1.1q  5 Jul 2022]
2024-03-18 19:50:38,442 INFO [restartedMain] o.a.c.h.Http11NioProtocol [DirectJDKLog.java:173] Initializing ProtocolHandler ["http-nio-8080"]
2024-03-18 19:50:38,443 INFO [restartedMain] o.a.c.c.StandardService [DirectJDKLog.java:173] Starting service [Tomcat]
2024-03-18 19:50:38,444 INFO [restartedMain] o.a.c.c.StandardEngine [DirectJDKLog.java:173] Starting Servlet engine: [Apache Tomcat/9.0.68]
2024-03-18 19:50:38,583 INFO [restartedMain] o.a.c.c.C.[.[.[/community] [DirectJDKLog.java:173] Initializing Spring embedded WebApplicationContext
2024-03-18 19:50:38,583 INFO [restartedMain] o.s.b.w.s.c.ServletWebServerApplicationContext [ServletWebServerApplicationContext.java:290] Root WebApplicationContext: initialization completed in 2079 ms
2024-03-18 19:50:40,185 INFO [restartedMain] o.s.b.d.a.OptionalLiveReloadServer [OptionalLiveReloadServer.java:59] LiveReload server is running on port 35729
2024-03-18 19:50:40,213 INFO [restartedMain] o.a.c.h.Http11NioProtocol [DirectJDKLog.java:173] Starting ProtocolHandler ["http-nio-8080"]
2024-03-18 19:50:40,235 INFO [restartedMain] o.s.b.w.e.t.TomcatWebServer [TomcatWebServer.java:220] Tomcat started on port(s): 8080 (http) with context path '/community'
2024-03-18 19:50:40,249 INFO [restartedMain] c.z.s.ServerApplication [StartupInfoLogger.java:61] Started ServerApplication in 4.389 seconds (JVM running for 6.676)
2024-03-18 19:50:48,132 INFO [http-nio-8080-exec-5] o.a.c.c.C.[.[.[/community] [DirectJDKLog.java:173] Initializing Spring DispatcherServlet 'dispatcherServlet'
2024-03-18 19:50:48,133 INFO [http-nio-8080-exec-5] o.s.w.s.DispatcherServlet [FrameworkServlet.java:525] Initializing Servlet 'dispatcherServlet'
2024-03-18 19:50:48,134 INFO [http-nio-8080-exec-5] o.s.w.s.DispatcherServlet [FrameworkServlet.java:547] Completed initialization in 1 ms
2024-03-18 19:51:27,096 INFO [http-nio-8080-exec-5] c.z.h.HikariDataSource [HikariDataSource.java:110] HikariPool-1 - Starting...
2024-03-18 19:51:28,054 INFO [http-nio-8080-exec-5] c.z.h.HikariDataSource [HikariDataSource.java:123] HikariPool-1 - Start completed.
2024-03-18 19:57:56,838 INFO [SpringApplicationShutdownHook] c.z.h.HikariDataSource [HikariDataSource.java:350] HikariPool-1 - Shutdown initiated...
2024-03-18 19:57:56,867 INFO [SpringApplicationShutdownHook] c.z.h.HikariDataSource [HikariDataSource.java:352] HikariPool-1 - Shutdown completed.
2024-03-18 19:58:06,525 INFO [restartedMain] c.z.s.ServerApplication [StartupInfoLogger.java:55] Starting ServerApplication using Java 1.8.0_401 on CC with PID 27572 (D:\2718075060\Desk\sspku\WORKDIR\newcoder\server\target\classes started by 27180 in D:\2718075060\Desk\sspku\WORKDIR\newcoder\server)
2024-03-18 19:58:06,528 INFO [restartedMain] c.z.s.ServerApplication [SpringApplication.java:645] No active profile set, falling back to 1 default profile: "default"
2024-03-18 19:58:06,594 INFO [restartedMain] o.s.b.d.r.ChangeableUrls [DeferredLog.java:255] The Class-Path manifest attribute in D:\MavenWarehouse\repository\com\sun\xml\bind\jaxb-impl\2.3.0\jaxb-impl-2.3.0.jar referenced one or more files that do not exist: file:/D:/MavenWarehouse/repository/com/sun/xml/bind/jaxb-impl/2.3.0/jaxb-core.jar
2024-03-18 19:58:06,595 INFO [restartedMain] o.s.b.d.r.ChangeableUrls [DeferredLog.java:255] The Class-Path manifest attribute in D:\MavenWarehouse\repository\com\sun\xml\bind\jaxb-core\2.3.0\jaxb-core-2.3.0.jar referenced one or more files that do not exist: file:/D:/MavenWarehouse/repository/com/sun/xml/bind/jaxb-core/2.3.0/jaxb-api.jar
2024-03-18 19:58:06,595 INFO [restartedMain] o.s.b.d.e.DevToolsPropertyDefaultsPostProcessor [DeferredLog.java:255] Devtools property defaults active! Set 'spring.devtools.add-properties' to 'false' to disable
2024-03-18 19:58:06,595 INFO [restartedMain] o.s.b.d.e.DevToolsPropertyDefaultsPostProcessor [DeferredLog.java:255] For additional web related logging consider setting the 'logging.level.web' property to 'DEBUG'
2024-03-18 19:58:07,624 INFO [restartedMain] o.s.d.r.c.RepositoryConfigurationDelegate [RepositoryConfigurationDelegate.java:262] Multiple Spring Data modules found, entering strict repository configuration mode
2024-03-18 19:58:07,627 INFO [restartedMain] o.s.d.r.c.RepositoryConfigurationDelegate [RepositoryConfigurationDelegate.java:132] Bootstrapping Spring Data Redis repositories in DEFAULT mode.
2024-03-18 19:58:07,665 INFO [restartedMain] o.s.d.r.c.RepositoryConfigurationDelegate [RepositoryConfigurationDelegate.java:201] Finished Spring Data repository scanning in 18 ms. Found 0 Redis repository interfaces.
2024-03-18 19:58:08,538 INFO [restartedMain] o.s.b.w.e.t.TomcatWebServer [TomcatWebServer.java:108] Tomcat initialized with port(s): 8080 (http)
2024-03-18 19:58:08,540 INFO [restartedMain] o.a.c.c.AprLifecycleListener [DirectJDKLog.java:173] Loaded Apache Tomcat Native library [1.2.35] using APR version [1.7.0].
2024-03-18 19:58:08,540 INFO [restartedMain] o.a.c.c.AprLifecycleListener [DirectJDKLog.java:173] APR capabilities: IPv6 [true], sendfile [true], accept filters [false], random [true], UDS [true].
2024-03-18 19:58:08,541 INFO [restartedMain] o.a.c.c.AprLifecycleListener [DirectJDKLog.java:173] APR/OpenSSL configuration: useAprConnector [false], useOpenSSL [true]
2024-03-18 19:58:08,545 INFO [restartedMain] o.a.c.c.AprLifecycleListener [DirectJDKLog.java:173] OpenSSL successfully initialized [OpenSSL 1.1.1q  5 Jul 2022]
2024-03-18 19:58:08,555 INFO [restartedMain] o.a.c.h.Http11NioProtocol [DirectJDKLog.java:173] Initializing ProtocolHandler ["http-nio-8080"]
2024-03-18 19:58:08,556 INFO [restartedMain] o.a.c.c.StandardService [DirectJDKLog.java:173] Starting service [Tomcat]
2024-03-18 19:58:08,556 INFO [restartedMain] o.a.c.c.StandardEngine [DirectJDKLog.java:173] Starting Servlet engine: [Apache Tomcat/9.0.68]
2024-03-18 19:58:08,695 INFO [restartedMain] o.a.c.c.C.[.[.[/community] [DirectJDKLog.java:173] Initializing Spring embedded WebApplicationContext
2024-03-18 19:58:08,696 INFO [restartedMain] o.s.b.w.s.c.ServletWebServerApplicationContext [ServletWebServerApplicationContext.java:290] Root WebApplicationContext: initialization completed in 2099 ms
2024-03-18 19:58:10,252 INFO [restartedMain] o.s.b.d.a.OptionalLiveReloadServer [OptionalLiveReloadServer.java:59] LiveReload server is running on port 35729
2024-03-18 19:58:10,279 INFO [restartedMain] o.a.c.h.Http11NioProtocol [DirectJDKLog.java:173] Starting ProtocolHandler ["http-nio-8080"]
2024-03-18 19:58:10,300 INFO [restartedMain] o.s.b.w.e.t.TomcatWebServer [TomcatWebServer.java:220] Tomcat started on port(s): 8080 (http) with context path '/community'
2024-03-18 19:58:10,313 INFO [restartedMain] c.z.s.ServerApplication [StartupInfoLogger.java:61] Started ServerApplication in 4.431 seconds (JVM running for 6.288)
2024-03-18 19:58:18,806 INFO [http-nio-8080-exec-4] o.a.c.c.C.[.[.[/community] [DirectJDKLog.java:173] Initializing Spring DispatcherServlet 'dispatcherServlet'
2024-03-18 19:58:18,806 INFO [http-nio-8080-exec-4] o.s.w.s.DispatcherServlet [FrameworkServlet.java:525] Initializing Servlet 'dispatcherServlet'
2024-03-18 19:58:18,808 INFO [http-nio-8080-exec-4] o.s.w.s.DispatcherServlet [FrameworkServlet.java:547] Completed initialization in 1 ms
2024-03-18 19:58:20,297 INFO [http-nio-8080-exec-4] c.z.h.HikariDataSource [HikariDataSource.java:110] HikariPool-1 - Starting...
2024-03-18 19:58:21,311 INFO [http-nio-8080-exec-4] c.z.h.HikariDataSource [HikariDataSource.java:123] HikariPool-1 - Start completed.
2024-03-18 20:03:08,010 INFO [SpringApplicationShutdownHook] c.z.h.HikariDataSource [HikariDataSource.java:350] HikariPool-1 - Shutdown initiated...
2024-03-18 20:03:08,038 INFO [SpringApplicationShutdownHook] c.z.h.HikariDataSource [HikariDataSource.java:352] HikariPool-1 - Shutdown completed.
2024-03-18 20:03:17,355 INFO [restartedMain] c.z.s.ServerApplication [StartupInfoLogger.java:55] Starting ServerApplication using Java 1.8.0_401 on CC with PID 20000 (D:\2718075060\Desk\sspku\WORKDIR\newcoder\server\target\classes started by 27180 in D:\2718075060\Desk\sspku\WORKDIR\newcoder\server)
2024-03-18 20:03:17,357 INFO [restartedMain] c.z.s.ServerApplication [SpringApplication.java:645] No active profile set, falling back to 1 default profile: "default"
2024-03-18 20:03:17,415 INFO [restartedMain] o.s.b.d.r.ChangeableUrls [DeferredLog.java:255] The Class-Path manifest attribute in D:\MavenWarehouse\repository\com\sun\xml\bind\jaxb-impl\2.3.0\jaxb-impl-2.3.0.jar referenced one or more files that do not exist: file:/D:/MavenWarehouse/repository/com/sun/xml/bind/jaxb-impl/2.3.0/jaxb-core.jar
2024-03-18 20:03:17,415 INFO [restartedMain] o.s.b.d.r.ChangeableUrls [DeferredLog.java:255] The Class-Path manifest attribute in D:\MavenWarehouse\repository\com\sun\xml\bind\jaxb-core\2.3.0\jaxb-core-2.3.0.jar referenced one or more files that do not exist: file:/D:/MavenWarehouse/repository/com/sun/xml/bind/jaxb-core/2.3.0/jaxb-api.jar
2024-03-18 20:03:17,415 INFO [restartedMain] o.s.b.d.e.DevToolsPropertyDefaultsPostProcessor [DeferredLog.java:255] Devtools property defaults active! Set 'spring.devtools.add-properties' to 'false' to disable
2024-03-18 20:03:17,416 INFO [restartedMain] o.s.b.d.e.DevToolsPropertyDefaultsPostProcessor [DeferredLog.java:255] For additional web related logging consider setting the 'logging.level.web' property to 'DEBUG'
2024-03-18 20:03:18,506 INFO [restartedMain] o.s.d.r.c.RepositoryConfigurationDelegate [RepositoryConfigurationDelegate.java:262] Multiple Spring Data modules found, entering strict repository configuration mode
2024-03-18 20:03:18,509 INFO [restartedMain] o.s.d.r.c.RepositoryConfigurationDelegate [RepositoryConfigurationDelegate.java:132] Bootstrapping Spring Data Redis repositories in DEFAULT mode.
2024-03-18 20:03:18,548 INFO [restartedMain] o.s.d.r.c.RepositoryConfigurationDelegate [RepositoryConfigurationDelegate.java:201] Finished Spring Data repository scanning in 18 ms. Found 0 Redis repository interfaces.
2024-03-18 20:03:19,390 INFO [restartedMain] o.s.b.w.e.t.TomcatWebServer [TomcatWebServer.java:108] Tomcat initialized with port(s): 8080 (http)
2024-03-18 20:03:19,392 INFO [restartedMain] o.a.c.c.AprLifecycleListener [DirectJDKLog.java:173] Loaded Apache Tomcat Native library [1.2.35] using APR version [1.7.0].
2024-03-18 20:03:19,392 INFO [restartedMain] o.a.c.c.AprLifecycleListener [DirectJDKLog.java:173] APR capabilities: IPv6 [true], sendfile [true], accept filters [false], random [true], UDS [true].
2024-03-18 20:03:19,393 INFO [restartedMain] o.a.c.c.AprLifecycleListener [DirectJDKLog.java:173] APR/OpenSSL configuration: useAprConnector [false], useOpenSSL [true]
2024-03-18 20:03:19,397 INFO [restartedMain] o.a.c.c.AprLifecycleListener [DirectJDKLog.java:173] OpenSSL successfully initialized [OpenSSL 1.1.1q  5 Jul 2022]
2024-03-18 20:03:19,406 INFO [restartedMain] o.a.c.h.Http11NioProtocol [DirectJDKLog.java:173] Initializing ProtocolHandler ["http-nio-8080"]
2024-03-18 20:03:19,407 INFO [restartedMain] o.a.c.c.StandardService [DirectJDKLog.java:173] Starting service [Tomcat]
2024-03-18 20:03:19,408 INFO [restartedMain] o.a.c.c.StandardEngine [DirectJDKLog.java:173] Starting Servlet engine: [Apache Tomcat/9.0.68]
2024-03-18 20:03:19,542 INFO [restartedMain] o.a.c.c.C.[.[.[/community] [DirectJDKLog.java:173] Initializing Spring embedded WebApplicationContext
2024-03-18 20:03:19,542 INFO [restartedMain] o.s.b.w.s.c.ServletWebServerApplicationContext [ServletWebServerApplicationContext.java:290] Root WebApplicationContext: initialization completed in 2125 ms
2024-03-18 20:03:20,167 INFO [restartedMain] o.a.c.c.StandardService [DirectJDKLog.java:173] Stopping service [Tomcat]
2024-03-18 20:03:20,181 INFO [restartedMain] o.s.b.a.l.ConditionEvaluationReportLoggingListener [ConditionEvaluationReportLoggingListener.java:136] 

Error starting ApplicationContext. To display the conditions report re-run your application with 'debug' enabled.
2024-03-18 20:04:13,185 INFO [restartedMain] c.z.s.ServerApplication [StartupInfoLogger.java:55] Starting ServerApplication using Java 1.8.0_401 on CC with PID 19408 (D:\2718075060\Desk\sspku\WORKDIR\newcoder\server\target\classes started by 27180 in D:\2718075060\Desk\sspku\WORKDIR\newcoder\server)
2024-03-18 20:04:13,188 INFO [restartedMain] c.z.s.ServerApplication [SpringApplication.java:645] No active profile set, falling back to 1 default profile: "default"
2024-03-18 20:04:13,268 INFO [restartedMain] o.s.b.d.r.ChangeableUrls [DeferredLog.java:255] The Class-Path manifest attribute in D:\MavenWarehouse\repository\com\sun\xml\bind\jaxb-impl\2.3.0\jaxb-impl-2.3.0.jar referenced one or more files that do not exist: file:/D:/MavenWarehouse/repository/com/sun/xml/bind/jaxb-impl/2.3.0/jaxb-core.jar
2024-03-18 20:04:13,268 INFO [restartedMain] o.s.b.d.r.ChangeableUrls [DeferredLog.java:255] The Class-Path manifest attribute in D:\MavenWarehouse\repository\com\sun\xml\bind\jaxb-core\2.3.0\jaxb-core-2.3.0.jar referenced one or more files that do not exist: file:/D:/MavenWarehouse/repository/com/sun/xml/bind/jaxb-core/2.3.0/jaxb-api.jar
2024-03-18 20:04:13,268 INFO [restartedMain] o.s.b.d.e.DevToolsPropertyDefaultsPostProcessor [DeferredLog.java:255] Devtools property defaults active! Set 'spring.devtools.add-properties' to 'false' to disable
2024-03-18 20:04:13,269 INFO [restartedMain] o.s.b.d.e.DevToolsPropertyDefaultsPostProcessor [DeferredLog.java:255] For additional web related logging consider setting the 'logging.level.web' property to 'DEBUG'
2024-03-18 20:04:14,368 INFO [restartedMain] o.s.d.r.c.RepositoryConfigurationDelegate [RepositoryConfigurationDelegate.java:262] Multiple Spring Data modules found, entering strict repository configuration mode
2024-03-18 20:04:14,372 INFO [restartedMain] o.s.d.r.c.RepositoryConfigurationDelegate [RepositoryConfigurationDelegate.java:132] Bootstrapping Spring Data Redis repositories in DEFAULT mode.
2024-03-18 20:04:14,415 INFO [restartedMain] o.s.d.r.c.RepositoryConfigurationDelegate [RepositoryConfigurationDelegate.java:201] Finished Spring Data repository scanning in 19 ms. Found 0 Redis repository interfaces.
2024-03-18 20:04:15,383 INFO [restartedMain] o.s.b.w.e.t.TomcatWebServer [TomcatWebServer.java:108] Tomcat initialized with port(s): 8080 (http)
2024-03-18 20:04:15,385 INFO [restartedMain] o.a.c.c.AprLifecycleListener [DirectJDKLog.java:173] Loaded Apache Tomcat Native library [1.2.35] using APR version [1.7.0].
2024-03-18 20:04:15,385 INFO [restartedMain] o.a.c.c.AprLifecycleListener [DirectJDKLog.java:173] APR capabilities: IPv6 [true], sendfile [true], accept filters [false], random [true], UDS [true].
2024-03-18 20:04:15,386 INFO [restartedMain] o.a.c.c.AprLifecycleListener [DirectJDKLog.java:173] APR/OpenSSL configuration: useAprConnector [false], useOpenSSL [true]
2024-03-18 20:04:15,389 INFO [restartedMain] o.a.c.c.AprLifecycleListener [DirectJDKLog.java:173] OpenSSL successfully initialized [OpenSSL 1.1.1q  5 Jul 2022]
2024-03-18 20:04:15,400 INFO [restartedMain] o.a.c.h.Http11NioProtocol [DirectJDKLog.java:173] Initializing ProtocolHandler ["http-nio-8080"]
2024-03-18 20:04:15,400 INFO [restartedMain] o.a.c.c.StandardService [DirectJDKLog.java:173] Starting service [Tomcat]
2024-03-18 20:04:15,402 INFO [restartedMain] o.a.c.c.StandardEngine [DirectJDKLog.java:173] Starting Servlet engine: [Apache Tomcat/9.0.68]
2024-03-18 20:04:15,535 INFO [restartedMain] o.a.c.c.C.[.[.[/community] [DirectJDKLog.java:173] Initializing Spring embedded WebApplicationContext
2024-03-18 20:04:15,536 INFO [restartedMain] o.s.b.w.s.c.ServletWebServerApplicationContext [ServletWebServerApplicationContext.java:290] Root WebApplicationContext: initialization completed in 2266 ms
2024-03-18 20:04:17,293 INFO [restartedMain] o.s.b.d.a.OptionalLiveReloadServer [OptionalLiveReloadServer.java:59] LiveReload server is running on port 35729
2024-03-18 20:04:17,326 INFO [restartedMain] o.a.c.h.Http11NioProtocol [DirectJDKLog.java:173] Starting ProtocolHandler ["http-nio-8080"]
2024-03-18 20:04:17,351 INFO [restartedMain] o.s.b.w.e.t.TomcatWebServer [TomcatWebServer.java:220] Tomcat started on port(s): 8080 (http) with context path '/community'
2024-03-18 20:04:17,368 INFO [restartedMain] c.z.s.ServerApplication [StartupInfoLogger.java:61] Started ServerApplication in 4.909 seconds (JVM running for 6.532)
2024-03-18 20:04:24,722 INFO [http-nio-8080-exec-1] o.a.c.c.C.[.[.[/community] [DirectJDKLog.java:173] Initializing Spring DispatcherServlet 'dispatcherServlet'
2024-03-18 20:04:24,723 INFO [http-nio-8080-exec-1] o.s.w.s.DispatcherServlet [FrameworkServlet.java:525] Initializing Servlet 'dispatcherServlet'
2024-03-18 20:04:24,724 INFO [http-nio-8080-exec-1] o.s.w.s.DispatcherServlet [FrameworkServlet.java:547] Completed initialization in 1 ms
2024-03-18 20:04:26,312 INFO [http-nio-8080-exec-1] c.z.h.HikariDataSource [HikariDataSource.java:110] HikariPool-1 - Starting...
2024-03-18 20:04:27,328 INFO [http-nio-8080-exec-1] c.z.h.HikariDataSource [HikariDataSource.java:123] HikariPool-1 - Start completed.
2024-03-18 20:05:23,829 INFO [SpringApplicationShutdownHook] c.z.h.HikariDataSource [HikariDataSource.java:350] HikariPool-1 - Shutdown initiated...
2024-03-18 20:05:23,856 INFO [SpringApplicationShutdownHook] c.z.h.HikariDataSource [HikariDataSource.java:352] HikariPool-1 - Shutdown completed.
2024-03-18 20:05:28,246 INFO [restartedMain] c.z.s.ServerApplication [StartupInfoLogger.java:55] Starting ServerApplication using Java 1.8.0_401 on CC with PID 30620 (D:\2718075060\Desk\sspku\WORKDIR\newcoder\server\target\classes started by 27180 in D:\2718075060\Desk\sspku\WORKDIR\newcoder\server)
2024-03-18 20:05:28,248 INFO [restartedMain] c.z.s.ServerApplication [SpringApplication.java:645] No active profile set, falling back to 1 default profile: "default"
2024-03-18 20:05:28,299 INFO [restartedMain] o.s.b.d.r.ChangeableUrls [DeferredLog.java:255] The Class-Path manifest attribute in D:\MavenWarehouse\repository\com\sun\xml\bind\jaxb-impl\2.3.0\jaxb-impl-2.3.0.jar referenced one or more files that do not exist: file:/D:/MavenWarehouse/repository/com/sun/xml/bind/jaxb-impl/2.3.0/jaxb-core.jar
2024-03-18 20:05:28,300 INFO [restartedMain] o.s.b.d.r.ChangeableUrls [DeferredLog.java:255] The Class-Path manifest attribute in D:\MavenWarehouse\repository\com\sun\xml\bind\jaxb-core\2.3.0\jaxb-core-2.3.0.jar referenced one or more files that do not exist: file:/D:/MavenWarehouse/repository/com/sun/xml/bind/jaxb-core/2.3.0/jaxb-api.jar
2024-03-18 20:05:28,300 INFO [restartedMain] o.s.b.d.e.DevToolsPropertyDefaultsPostProcessor [DeferredLog.java:255] Devtools property defaults active! Set 'spring.devtools.add-properties' to 'false' to disable
2024-03-18 20:05:28,300 INFO [restartedMain] o.s.b.d.e.DevToolsPropertyDefaultsPostProcessor [DeferredLog.java:255] For additional web related logging consider setting the 'logging.level.web' property to 'DEBUG'
2024-03-18 20:05:29,298 INFO [restartedMain] o.s.d.r.c.RepositoryConfigurationDelegate [RepositoryConfigurationDelegate.java:262] Multiple Spring Data modules found, entering strict repository configuration mode
2024-03-18 20:05:29,301 INFO [restartedMain] o.s.d.r.c.RepositoryConfigurationDelegate [RepositoryConfigurationDelegate.java:132] Bootstrapping Spring Data Redis repositories in DEFAULT mode.
2024-03-18 20:05:29,335 INFO [restartedMain] o.s.d.r.c.RepositoryConfigurationDelegate [RepositoryConfigurationDelegate.java:201] Finished Spring Data repository scanning in 17 ms. Found 0 Redis repository interfaces.
2024-03-18 20:05:30,036 INFO [restartedMain] o.s.b.w.e.t.TomcatWebServer [TomcatWebServer.java:108] Tomcat initialized with port(s): 8080 (http)
2024-03-18 20:05:30,037 INFO [restartedMain] o.a.c.c.AprLifecycleListener [DirectJDKLog.java:173] Loaded Apache Tomcat Native library [1.2.35] using APR version [1.7.0].
2024-03-18 20:05:30,038 INFO [restartedMain] o.a.c.c.AprLifecycleListener [DirectJDKLog.java:173] APR capabilities: IPv6 [true], sendfile [true], accept filters [false], random [true], UDS [true].
2024-03-18 20:05:30,038 INFO [restartedMain] o.a.c.c.AprLifecycleListener [DirectJDKLog.java:173] APR/OpenSSL configuration: useAprConnector [false], useOpenSSL [true]
2024-03-18 20:05:30,041 INFO [restartedMain] o.a.c.c.AprLifecycleListener [DirectJDKLog.java:173] OpenSSL successfully initialized [OpenSSL 1.1.1q  5 Jul 2022]
2024-03-18 20:05:30,049 INFO [restartedMain] o.a.c.h.Http11NioProtocol [DirectJDKLog.java:173] Initializing ProtocolHandler ["http-nio-8080"]
2024-03-18 20:05:30,049 INFO [restartedMain] o.a.c.c.StandardService [DirectJDKLog.java:173] Starting service [Tomcat]
2024-03-18 20:05:30,050 INFO [restartedMain] o.a.c.c.StandardEngine [DirectJDKLog.java:173] Starting Servlet engine: [Apache Tomcat/9.0.68]
2024-03-18 20:05:30,173 INFO [restartedMain] o.a.c.c.C.[.[.[/community] [DirectJDKLog.java:173] Initializing Spring embedded WebApplicationContext
2024-03-18 20:05:30,174 INFO [restartedMain] o.s.b.w.s.c.ServletWebServerApplicationContext [ServletWebServerApplicationContext.java:290] Root WebApplicationContext: initialization completed in 1873 ms
2024-03-18 20:05:31,620 INFO [restartedMain] o.s.b.d.a.OptionalLiveReloadServer [OptionalLiveReloadServer.java:59] LiveReload server is running on port 35729
2024-03-18 20:05:31,651 INFO [restartedMain] o.a.c.h.Http11NioProtocol [DirectJDKLog.java:173] Starting ProtocolHandler ["http-nio-8080"]
2024-03-18 20:05:31,678 INFO [restartedMain] o.s.b.w.e.t.TomcatWebServer [TomcatWebServer.java:220] Tomcat started on port(s): 8080 (http) with context path '/community'
2024-03-18 20:05:31,697 INFO [restartedMain] c.z.s.ServerApplication [StartupInfoLogger.java:61] Started ServerApplication in 3.948 seconds (JVM running for 5.585)
2024-03-18 20:05:34,513 INFO [http-nio-8080-exec-1] o.a.c.c.C.[.[.[/community] [DirectJDKLog.java:173] Initializing Spring DispatcherServlet 'dispatcherServlet'
2024-03-18 20:05:34,514 INFO [http-nio-8080-exec-1] o.s.w.s.DispatcherServlet [FrameworkServlet.java:525] Initializing Servlet 'dispatcherServlet'
2024-03-18 20:05:34,515 INFO [http-nio-8080-exec-1] o.s.w.s.DispatcherServlet [FrameworkServlet.java:547] Completed initialization in 1 ms
2024-03-18 20:05:35,925 INFO [http-nio-8080-exec-1] c.z.h.HikariDataSource [HikariDataSource.java:110] HikariPool-1 - Starting...
2024-03-18 20:05:36,867 INFO [http-nio-8080-exec-1] c.z.h.HikariDataSource [HikariDataSource.java:123] HikariPool-1 - Start completed.
2024-03-18 20:09:21,568 INFO [File Watcher] o.s.b.d.a.LocalDevToolsAutoConfiguration$RestartingClassPathChangeChangedEventListener [LocalDevToolsAutoConfiguration.java:210] Restarting due to 1 class path change (0 additions, 1 deletion, 0 modifications)
2024-03-18 20:09:22,120 INFO [Thread-6] o.a.c.h.Http11NioProtocol [DirectJDKLog.java:173] Pausing ProtocolHandler ["http-nio-8080"]
2024-03-18 20:09:22,120 INFO [Thread-6] o.a.c.c.StandardService [DirectJDKLog.java:173] Stopping service [Tomcat]
2024-03-18 20:09:22,122 INFO [Thread-6] o.a.c.c.C.[.[.[/community] [DirectJDKLog.java:173] Destroying Spring FrameworkServlet 'dispatcherServlet'
2024-03-18 20:09:22,139 INFO [Thread-6] o.a.c.h.Http11NioProtocol [DirectJDKLog.java:173] Stopping ProtocolHandler ["http-nio-8080"]
2024-03-18 20:09:22,142 INFO [Thread-6] o.a.c.h.Http11NioProtocol [DirectJDKLog.java:173] Destroying ProtocolHandler ["http-nio-8080"]
2024-03-18 20:09:22,146 INFO [Thread-6] c.z.h.HikariDataSource [HikariDataSource.java:350] HikariPool-1 - Shutdown initiated...
2024-03-18 20:09:22,168 INFO [Thread-6] c.z.h.HikariDataSource [HikariDataSource.java:352] HikariPool-1 - Shutdown completed.
2024-03-18 20:09:22,552 INFO [restartedMain] c.z.s.ServerApplication [StartupInfoLogger.java:55] Starting ServerApplication using Java 1.8.0_401 on CC with PID 30620 (D:\2718075060\Desk\sspku\WORKDIR\newcoder\server\target\classes started by 27180 in D:\2718075060\Desk\sspku\WORKDIR\newcoder\server)
2024-03-18 20:09:22,553 INFO [restartedMain] c.z.s.ServerApplication [SpringApplication.java:645] No active profile set, falling back to 1 default profile: "default"
2024-03-18 20:09:22,881 INFO [restartedMain] o.s.d.r.c.RepositoryConfigurationDelegate [RepositoryConfigurationDelegate.java:262] Multiple Spring Data modules found, entering strict repository configuration mode
2024-03-18 20:09:22,881 INFO [restartedMain] o.s.d.r.c.RepositoryConfigurationDelegate [RepositoryConfigurationDelegate.java:132] Bootstrapping Spring Data Redis repositories in DEFAULT mode.
2024-03-18 20:09:22,895 INFO [restartedMain] o.s.d.r.c.RepositoryConfigurationDelegate [RepositoryConfigurationDelegate.java:201] Finished Spring Data repository scanning in 13 ms. Found 0 Redis repository interfaces.
2024-03-18 20:09:23,013 INFO [restartedMain] o.s.b.w.e.t.TomcatWebServer [TomcatWebServer.java:108] Tomcat initialized with port(s): 8080 (http)
2024-03-18 20:09:23,013 INFO [restartedMain] o.a.c.c.AprLifecycleListener [DirectJDKLog.java:173] Loaded Apache Tomcat Native library [1.2.35] using APR version [1.7.0].
2024-03-18 20:09:23,013 INFO [restartedMain] o.a.c.c.AprLifecycleListener [DirectJDKLog.java:173] APR capabilities: IPv6 [true], sendfile [true], accept filters [false], random [true], UDS [true].
2024-03-18 20:09:23,013 INFO [restartedMain] o.a.c.c.AprLifecycleListener [DirectJDKLog.java:173] APR/OpenSSL configuration: useAprConnector [false], useOpenSSL [true]
2024-03-18 20:09:23,014 INFO [restartedMain] o.a.c.c.AprLifecycleListener [DirectJDKLog.java:173] OpenSSL successfully initialized [OpenSSL 1.1.1q  5 Jul 2022]
2024-03-18 20:09:23,014 INFO [restartedMain] o.a.c.h.Http11NioProtocol [DirectJDKLog.java:173] Initializing ProtocolHandler ["http-nio-8080"]
2024-03-18 20:09:23,014 INFO [restartedMain] o.a.c.c.StandardService [DirectJDKLog.java:173] Starting service [Tomcat]
2024-03-18 20:09:23,014 INFO [restartedMain] o.a.c.c.StandardEngine [DirectJDKLog.java:173] Starting Servlet engine: [Apache Tomcat/9.0.68]
2024-03-18 20:09:23,052 INFO [restartedMain] o.a.c.c.C.[.[.[/community] [DirectJDKLog.java:173] Initializing Spring embedded WebApplicationContext
2024-03-18 20:09:23,053 INFO [restartedMain] o.s.b.w.s.c.ServletWebServerApplicationContext [ServletWebServerApplicationContext.java:290] Root WebApplicationContext: initialization completed in 497 ms
2024-03-18 20:09:23,509 INFO [restartedMain] o.s.b.d.a.OptionalLiveReloadServer [OptionalLiveReloadServer.java:59] LiveReload server is running on port 35729
2024-03-18 20:09:23,529 INFO [restartedMain] o.a.c.h.Http11NioProtocol [DirectJDKLog.java:173] Starting ProtocolHandler ["http-nio-8080"]
2024-03-18 20:09:23,534 INFO [restartedMain] o.s.b.w.e.t.TomcatWebServer [TomcatWebServer.java:220] Tomcat started on port(s): 8080 (http) with context path '/community'
2024-03-18 20:09:23,541 INFO [restartedMain] c.z.s.ServerApplication [StartupInfoLogger.java:61] Started ServerApplication in 1.05 seconds (JVM running for 237.435)
2024-03-18 20:09:23,546 INFO [restartedMain] o.s.b.d.a.ConditionEvaluationDeltaLoggingListener [ConditionEvaluationDeltaLoggingListener.java:63] Condition evaluation unchanged
2024-03-18 20:10:13,783 INFO [restartedMain] c.z.s.ServerApplication [StartupInfoLogger.java:55] Starting ServerApplication using Java 1.8.0_401 on CC with PID 28084 (D:\2718075060\Desk\sspku\WORKDIR\newcoder\server\target\classes started by 27180 in D:\2718075060\Desk\sspku\WORKDIR\newcoder\server)
2024-03-18 20:10:13,784 INFO [restartedMain] c.z.s.ServerApplication [SpringApplication.java:645] No active profile set, falling back to 1 default profile: "default"
2024-03-18 20:10:13,833 INFO [restartedMain] o.s.b.d.r.ChangeableUrls [DeferredLog.java:255] The Class-Path manifest attribute in D:\MavenWarehouse\repository\com\sun\xml\bind\jaxb-impl\2.3.0\jaxb-impl-2.3.0.jar referenced one or more files that do not exist: file:/D:/MavenWarehouse/repository/com/sun/xml/bind/jaxb-impl/2.3.0/jaxb-core.jar
2024-03-18 20:10:13,833 INFO [restartedMain] o.s.b.d.r.ChangeableUrls [DeferredLog.java:255] The Class-Path manifest attribute in D:\MavenWarehouse\repository\com\sun\xml\bind\jaxb-core\2.3.0\jaxb-core-2.3.0.jar referenced one or more files that do not exist: file:/D:/MavenWarehouse/repository/com/sun/xml/bind/jaxb-core/2.3.0/jaxb-api.jar
2024-03-18 20:10:13,833 INFO [restartedMain] o.s.b.d.e.DevToolsPropertyDefaultsPostProcessor [DeferredLog.java:255] Devtools property defaults active! Set 'spring.devtools.add-properties' to 'false' to disable
2024-03-18 20:10:13,833 INFO [restartedMain] o.s.b.d.e.DevToolsPropertyDefaultsPostProcessor [DeferredLog.java:255] For additional web related logging consider setting the 'logging.level.web' property to 'DEBUG'
2024-03-18 20:10:14,745 INFO [restartedMain] o.s.d.r.c.RepositoryConfigurationDelegate [RepositoryConfigurationDelegate.java:262] Multiple Spring Data modules found, entering strict repository configuration mode
2024-03-18 20:10:14,748 INFO [restartedMain] o.s.d.r.c.RepositoryConfigurationDelegate [RepositoryConfigurationDelegate.java:132] Bootstrapping Spring Data Redis repositories in DEFAULT mode.
2024-03-18 20:10:14,782 INFO [restartedMain] o.s.d.r.c.RepositoryConfigurationDelegate [RepositoryConfigurationDelegate.java:201] Finished Spring Data repository scanning in 17 ms. Found 0 Redis repository interfaces.
2024-03-18 20:10:15,479 INFO [restartedMain] o.s.b.w.e.t.TomcatWebServer [TomcatWebServer.java:108] Tomcat initialized with port(s): 8080 (http)
2024-03-18 20:10:15,480 INFO [restartedMain] o.a.c.c.AprLifecycleListener [DirectJDKLog.java:173] Loaded Apache Tomcat Native library [1.2.35] using APR version [1.7.0].
2024-03-18 20:10:15,480 INFO [restartedMain] o.a.c.c.AprLifecycleListener [DirectJDKLog.java:173] APR capabilities: IPv6 [true], sendfile [true], accept filters [false], random [true], UDS [true].
2024-03-18 20:10:15,480 INFO [restartedMain] o.a.c.c.AprLifecycleListener [DirectJDKLog.java:173] APR/OpenSSL configuration: useAprConnector [false], useOpenSSL [true]
2024-03-18 20:10:15,486 INFO [restartedMain] o.a.c.c.AprLifecycleListener [DirectJDKLog.java:173] OpenSSL successfully initialized [OpenSSL 1.1.1q  5 Jul 2022]
2024-03-18 20:10:15,495 INFO [restartedMain] o.a.c.h.Http11NioProtocol [DirectJDKLog.java:173] Initializing ProtocolHandler ["http-nio-8080"]
2024-03-18 20:10:15,495 INFO [restartedMain] o.a.c.c.StandardService [DirectJDKLog.java:173] Starting service [Tomcat]
2024-03-18 20:10:15,496 INFO [restartedMain] o.a.c.c.StandardEngine [DirectJDKLog.java:173] Starting Servlet engine: [Apache Tomcat/9.0.68]
2024-03-18 20:10:15,621 INFO [restartedMain] o.a.c.c.C.[.[.[/community] [DirectJDKLog.java:173] Initializing Spring embedded WebApplicationContext
2024-03-18 20:10:15,624 INFO [restartedMain] o.s.b.w.s.c.ServletWebServerApplicationContext [ServletWebServerApplicationContext.java:290] Root WebApplicationContext: initialization completed in 1790 ms
2024-03-18 20:10:16,971 INFO [restartedMain] o.s.b.d.a.OptionalLiveReloadServer [OptionalLiveReloadServer.java:59] LiveReload server is running on port 35729
2024-03-18 20:10:17,009 INFO [restartedMain] o.a.c.h.Http11NioProtocol [DirectJDKLog.java:173] Starting ProtocolHandler ["http-nio-8080"]
2024-03-18 20:10:17,035 INFO [restartedMain] o.s.b.w.e.t.TomcatWebServer [TomcatWebServer.java:220] Tomcat started on port(s): 8080 (http) with context path '/community'
2024-03-18 20:10:17,051 INFO [restartedMain] c.z.s.ServerApplication [StartupInfoLogger.java:61] Started ServerApplication in 3.758 seconds (JVM running for 5.23)
2024-03-18 20:10:31,517 INFO [http-nio-8080-exec-1] o.a.c.c.C.[.[.[/community] [DirectJDKLog.java:173] Initializing Spring DispatcherServlet 'dispatcherServlet'
2024-03-18 20:10:31,518 INFO [http-nio-8080-exec-1] o.s.w.s.DispatcherServlet [FrameworkServlet.java:525] Initializing Servlet 'dispatcherServlet'
2024-03-18 20:10:31,518 INFO [http-nio-8080-exec-1] o.s.w.s.DispatcherServlet [FrameworkServlet.java:547] Completed initialization in 0 ms
2024-03-18 20:10:32,870 INFO [http-nio-8080-exec-1] c.z.h.HikariDataSource [HikariDataSource.java:110] HikariPool-1 - Starting...
2024-03-18 20:10:33,763 INFO [http-nio-8080-exec-1] c.z.h.HikariDataSource [HikariDataSource.java:123] HikariPool-1 - Start completed.
2024-03-18 20:12:24,941 INFO [SpringApplicationShutdownHook] c.z.h.HikariDataSource [HikariDataSource.java:350] HikariPool-1 - Shutdown initiated...
2024-03-18 20:12:24,965 INFO [SpringApplicationShutdownHook] c.z.h.HikariDataSource [HikariDataSource.java:352] HikariPool-1 - Shutdown completed.
2024-03-18 20:12:32,826 INFO [restartedMain] c.z.s.ServerApplication [StartupInfoLogger.java:55] Starting ServerApplication using Java 1.8.0_401 on CC with PID 22784 (D:\2718075060\Desk\sspku\WORKDIR\newcoder\server\target\classes started by 27180 in D:\2718075060\Desk\sspku\WORKDIR\newcoder\server)
2024-03-18 20:12:32,828 INFO [restartedMain] c.z.s.ServerApplication [SpringApplication.java:645] No active profile set, falling back to 1 default profile: "default"
2024-03-18 20:12:32,876 INFO [restartedMain] o.s.b.d.r.ChangeableUrls [DeferredLog.java:255] The Class-Path manifest attribute in D:\MavenWarehouse\repository\com\sun\xml\bind\jaxb-impl\2.3.0\jaxb-impl-2.3.0.jar referenced one or more files that do not exist: file:/D:/MavenWarehouse/repository/com/sun/xml/bind/jaxb-impl/2.3.0/jaxb-core.jar
2024-03-18 20:12:32,876 INFO [restartedMain] o.s.b.d.r.ChangeableUrls [DeferredLog.java:255] The Class-Path manifest attribute in D:\MavenWarehouse\repository\com\sun\xml\bind\jaxb-core\2.3.0\jaxb-core-2.3.0.jar referenced one or more files that do not exist: file:/D:/MavenWarehouse/repository/com/sun/xml/bind/jaxb-core/2.3.0/jaxb-api.jar
2024-03-18 20:12:32,877 INFO [restartedMain] o.s.b.d.e.DevToolsPropertyDefaultsPostProcessor [DeferredLog.java:255] Devtools property defaults active! Set 'spring.devtools.add-properties' to 'false' to disable
2024-03-18 20:12:32,877 INFO [restartedMain] o.s.b.d.e.DevToolsPropertyDefaultsPostProcessor [DeferredLog.java:255] For additional web related logging consider setting the 'logging.level.web' property to 'DEBUG'
2024-03-18 20:12:33,714 INFO [restartedMain] o.s.d.r.c.RepositoryConfigurationDelegate [RepositoryConfigurationDelegate.java:262] Multiple Spring Data modules found, entering strict repository configuration mode
2024-03-18 20:12:33,718 INFO [restartedMain] o.s.d.r.c.RepositoryConfigurationDelegate [RepositoryConfigurationDelegate.java:132] Bootstrapping Spring Data Redis repositories in DEFAULT mode.
2024-03-18 20:12:33,750 INFO [restartedMain] o.s.d.r.c.RepositoryConfigurationDelegate [RepositoryConfigurationDelegate.java:201] Finished Spring Data repository scanning in 17 ms. Found 0 Redis repository interfaces.
2024-03-18 20:12:34,455 INFO [restartedMain] o.s.b.w.e.t.TomcatWebServer [TomcatWebServer.java:108] Tomcat initialized with port(s): 8080 (http)
2024-03-18 20:12:34,456 INFO [restartedMain] o.a.c.c.AprLifecycleListener [DirectJDKLog.java:173] Loaded Apache Tomcat Native library [1.2.35] using APR version [1.7.0].
2024-03-18 20:12:34,456 INFO [restartedMain] o.a.c.c.AprLifecycleListener [DirectJDKLog.java:173] APR capabilities: IPv6 [true], sendfile [true], accept filters [false], random [true], UDS [true].
2024-03-18 20:12:34,457 INFO [restartedMain] o.a.c.c.AprLifecycleListener [DirectJDKLog.java:173] APR/OpenSSL configuration: useAprConnector [false], useOpenSSL [true]
2024-03-18 20:12:34,460 INFO [restartedMain] o.a.c.c.AprLifecycleListener [DirectJDKLog.java:173] OpenSSL successfully initialized [OpenSSL 1.1.1q  5 Jul 2022]
2024-03-18 20:12:34,467 INFO [restartedMain] o.a.c.h.Http11NioProtocol [DirectJDKLog.java:173] Initializing ProtocolHandler ["http-nio-8080"]
2024-03-18 20:12:34,468 INFO [restartedMain] o.a.c.c.StandardService [DirectJDKLog.java:173] Starting service [Tomcat]
2024-03-18 20:12:34,469 INFO [restartedMain] o.a.c.c.StandardEngine [DirectJDKLog.java:173] Starting Servlet engine: [Apache Tomcat/9.0.68]
2024-03-18 20:12:34,598 INFO [restartedMain] o.a.c.c.C.[.[.[/community] [DirectJDKLog.java:173] Initializing Spring embedded WebApplicationContext
2024-03-18 20:12:34,598 INFO [restartedMain] o.s.b.w.s.c.ServletWebServerApplicationContext [ServletWebServerApplicationContext.java:290] Root WebApplicationContext: initialization completed in 1720 ms
2024-03-18 20:12:35,933 INFO [restartedMain] o.s.b.d.a.OptionalLiveReloadServer [OptionalLiveReloadServer.java:59] LiveReload server is running on port 35729
2024-03-18 20:12:35,957 INFO [restartedMain] o.a.c.h.Http11NioProtocol [DirectJDKLog.java:173] Starting ProtocolHandler ["http-nio-8080"]
2024-03-18 20:12:35,972 INFO [restartedMain] o.s.b.w.e.t.TomcatWebServer [TomcatWebServer.java:220] Tomcat started on port(s): 8080 (http) with context path '/community'
2024-03-18 20:12:35,984 INFO [restartedMain] c.z.s.ServerApplication [StartupInfoLogger.java:61] Started ServerApplication in 3.658 seconds (JVM running for 5.18)
2024-03-18 20:13:06,301 INFO [http-nio-8080-exec-1] o.a.c.c.C.[.[.[/community] [DirectJDKLog.java:173] Initializing Spring DispatcherServlet 'dispatcherServlet'
2024-03-18 20:13:06,301 INFO [http-nio-8080-exec-1] o.s.w.s.DispatcherServlet [FrameworkServlet.java:525] Initializing Servlet 'dispatcherServlet'
2024-03-18 20:13:06,301 INFO [http-nio-8080-exec-1] o.s.w.s.DispatcherServlet [FrameworkServlet.java:547] Completed initialization in 0 ms
2024-03-18 20:13:07,703 INFO [http-nio-8080-exec-1] c.z.h.HikariDataSource [HikariDataSource.java:110] HikariPool-1 - Starting...
2024-03-18 20:13:08,565 INFO [http-nio-8080-exec-1] c.z.h.HikariDataSource [HikariDataSource.java:123] HikariPool-1 - Start completed.
